<?xml version="1.0" encoding="UTF-8"?>
<testng-results total="1" passed="1" failed="0" skipped="0">
  <reporter-output>
  </reporter-output>
  <suite started-at="2024-05-17T08:39:27Z" name="Default suite" finished-at="2024-05-17T08:40:27Z" duration-ms="59339">
    <groups>
    </groups>
    <test started-at="2024-05-17T08:39:27Z" name="Default test" finished-at="2024-05-17T08:40:27Z" duration-ms="59339">
      <class name="ikame.docxreader.testsuite.TS_15_DocxReader_Logic_Edit_Save_Document">
        <test-method is-config="true" signature="init()[pri:0, instance:ikame.docxreader.testsuite.TS_15_DocxReader_Logic_Edit_Save_Document@1921ad94]" started-at="2024-05-17T15:39:27Z" name="init" finished-at="2024-05-17T15:39:38Z" duration-ms="10477" status="PASS">
          <reporter-output>
          </reporter-output>
        </test-method> <!-- init -->
        <test-method signature="TC_003_Edit_Save_Document_View_File_Double_Tab()[pri:0, instance:ikame.docxreader.testsuite.TS_15_DocxReader_Logic_Edit_Save_Document@1921ad94]" started-at="2024-05-17T15:39:38Z" name="TC_003_Edit_Save_Document_View_File_Double_Tab" finished-at="2024-05-17T15:40:26Z" duration-ms="48414" status="PASS">
          <reporter-output>
          </reporter-output>
        </test-method> <!-- TC_003_Edit_Save_Document_View_File_Double_Tab -->
        <test-method is-config="true" signature="after()[pri:0, instance:ikame.docxreader.testsuite.TS_15_DocxReader_Logic_Edit_Save_Document@1921ad94]" started-at="2024-05-17T15:40:26Z" name="after" finished-at="2024-05-17T15:40:27Z" duration-ms="436" status="PASS">
          <reporter-output>
          </reporter-output>
        </test-method> <!-- after -->
      </class> <!-- ikame.docxreader.testsuite.TS_15_DocxReader_Logic_Edit_Save_Document -->
    </test> <!-- Default test -->
  </suite> <!-- Default suite -->
</testng-results>
